2026-02-19 00:24:53,285 - ArticleSpider - INFO - [45m[37m                         API 服务启动                         [0m
2026-02-19 00:24:53,307 - ArticleSpider - INFO - [37mℹ [信息] 检查表存在性结果: 1[0m
2026-02-19 00:24:53,307 - ArticleSpider - INFO - [32m✓ [成功] 数据库连接池已创建[0m
2026-02-19 00:25:43,471 - ArticleSpider - INFO - [34m⊘ [跳过] 跳过0篇已存在的文章[0m
2026-02-19 00:25:43,473 - ArticleSpider - INFO - [37mℹ [信息] 搜狐新闻类别：国际 总共 1 篇文章，需要爬取 1 篇[0m
2026-02-19 00:25:43,694 - ArticleSpider - INFO - [32m✓ [成功] 搜狐新闻类别：国际 爬取完成，保存了 1 篇文章[0m
2026-02-19 00:25:43,694 - ArticleSpider - INFO - [32m✓ [成功] 任务 test 完成，保存了 True 篇文章[0m
2026-02-19 00:27:22,204 - ArticleSpider - INFO - [45m[37m                         API 服务启动                         [0m
2026-02-19 00:27:22,217 - ArticleSpider - INFO - [37mℹ [信息] 检查表存在性结果: 1[0m
2026-02-19 00:27:22,217 - ArticleSpider - INFO - [32m✓ [成功] 数据库连接池已创建[0m
2026-02-19 00:29:21,773 - ArticleSpider - INFO - [34m⊘ [跳过] 跳过0篇已存在的文章[0m
2026-02-19 00:29:21,775 - ArticleSpider - INFO - [37mℹ [信息] 新浪国际 总共 1 篇文章，需要爬取 1 篇[0m
2026-02-19 00:29:21,991 - ArticleSpider - INFO - [32m✓ [成功] 新浪国际 爬取完成，保存了 1 篇文章[0m
2026-02-19 00:29:21,991 - ArticleSpider - INFO - [32m✓ [成功] 任务 test 完成，保存了 1 篇文章[0m
2026-02-19 00:32:35,951 - ArticleSpider - INFO - [45m[37m                         API 服务启动                         [0m
2026-02-19 00:32:35,966 - ArticleSpider - INFO - [37mℹ [信息] 检查表存在性结果: 1[0m
2026-02-19 00:32:35,966 - ArticleSpider - INFO - [32m✓ [成功] 数据库连接池已创建[0m
2026-02-19 00:33:18,776 - ArticleSpider - INFO - [34m⊘ [跳过] 跳过0篇已存在的文章[0m
2026-02-19 00:33:18,776 - ArticleSpider - INFO - [37mℹ [信息] 搜狐新闻类别：时政 总共 1 篇文章，需要爬取 1 篇[0m
2026-02-19 00:33:18,994 - ArticleSpider - INFO - [32m✓ [成功] 搜狐新闻类别：时政 爬取完成，保存了 1 篇文章[0m
2026-02-19 00:33:18,995 - ArticleSpider - INFO - [32m✓ [成功] 任务 test 完成，保存了 True 篇文章[0m
2026-02-19 00:37:46,889 - ArticleSpider - INFO - [45m[37m                         API 服务启动                         [0m
2026-02-19 00:37:46,905 - ArticleSpider - INFO - [37mℹ [信息] 检查表存在性结果: 1[0m
2026-02-19 00:37:46,916 - ArticleSpider - INFO - [32m✓ [成功] 数据库连接池已创建[0m
2026-02-19 00:38:28,620 - ArticleSpider - INFO - [34m⊘ [跳过] 跳过0篇已存在的文章[0m
2026-02-19 00:38:28,621 - ArticleSpider - INFO - [37mℹ [信息] 网易新闻类别：军事 总共 1 篇文章，需要爬取 1 篇[0m
2026-02-19 00:38:28,865 - ArticleSpider - INFO - [32m✓ [成功] 网易新闻类别：军事 爬取完成，保存了 1 篇文章[0m
2026-02-19 00:38:28,866 - ArticleSpider - INFO - [32m✓ [成功] 任务 test 完成，保存了 True 篇文章[0m
2026-02-19 00:45:14,828 - ArticleSpider - INFO - [34m⊘ [跳过] 跳过1篇已存在的文章[0m
2026-02-19 00:45:14,828 - ArticleSpider - INFO - [37mℹ [信息] 网易新闻类别：军事 总共 1 篇文章，需要爬取 0 篇[0m
2026-02-19 00:45:14,828 - ArticleSpider - INFO - [37mℹ [信息] 网易新闻类别：军事 没有新文章需要爬取[0m
2026-02-19 00:45:14,828 - ArticleSpider - INFO - [32m✓ [成功] 任务 test 完成，保存了 True 篇文章[0m
2026-02-19 00:51:38,861 - ArticleSpider - INFO - [45m[37m                         API 服务启动                         [0m
2026-02-19 00:51:38,879 - ArticleSpider - INFO - [37mℹ [信息] 检查表存在性结果: 1[0m
2026-02-19 00:51:38,881 - ArticleSpider - INFO - [32m✓ [成功] 数据库连接池已创建[0m
2026-02-19 00:53:00,403 - ArticleSpider - INFO - [34m⊘ [跳过] 跳过0篇已存在的文章[0m
2026-02-19 00:53:00,403 - ArticleSpider - INFO - [37mℹ [信息] IT之家 总共 0 篇文章，需要爬取 0 篇[0m
2026-02-19 00:53:00,403 - ArticleSpider - INFO - [37mℹ [信息] IT之家 没有新文章需要爬取[0m
2026-02-19 00:53:00,404 - ArticleSpider - INFO - [32m✓ [成功] 任务 test 完成，保存了 0 篇文章[0m
2026-02-19 00:54:42,994 - ArticleSpider - INFO - [34m⊘ [跳过] 跳过0篇已存在的文章[0m
2026-02-19 00:54:42,994 - ArticleSpider - INFO - [37mℹ [信息] 网易新闻类别：时事热点 总共 2 篇文章，需要爬取 2 篇[0m
2026-02-19 00:54:43,586 - ArticleSpider - INFO - [32m✓ [成功] 网易新闻类别：时事热点 爬取完成，保存了 2 篇文章[0m
2026-02-19 00:54:43,586 - ArticleSpider - INFO - [32m✓ [成功] 任务 test 完成，保存了 True 篇文章[0m
2026-02-19 00:55:33,997 - ArticleSpider - INFO - [34m⊘ [跳过] 跳过0篇已存在的文章[0m
2026-02-19 00:55:33,997 - ArticleSpider - INFO - [37mℹ [信息] 搜狐新闻类别：时政 总共 1 篇文章，需要爬取 1 篇[0m
2026-02-19 00:55:34,193 - ArticleSpider - INFO - [32m✓ [成功] 搜狐新闻类别：时政 爬取完成，保存了 1 篇文章[0m
2026-02-19 00:55:34,193 - ArticleSpider - INFO - [32m✓ [成功] 任务 test 完成，保存了 True 篇文章[0m
2026-02-19 00:56:00,475 - ArticleSpider - INFO - [34m⊘ [跳过] 跳过0篇已存在的文章[0m
2026-02-19 00:56:00,475 - ArticleSpider - INFO - [37mℹ [信息] 新浪国际 总共 1 篇文章，需要爬取 1 篇[0m
2026-02-19 00:56:00,585 - ArticleSpider - INFO - [32m✓ [成功] 新浪国际 爬取完成，保存了 1 篇文章[0m
2026-02-19 00:56:00,586 - ArticleSpider - INFO - [32m✓ [成功] 任务 test 完成，保存了 1 篇文章[0m
2026-02-19 00:57:12,580 - ArticleSpider - INFO - [34m⊘ [跳过] 跳过0篇已存在的文章[0m
2026-02-19 00:57:12,580 - ArticleSpider - INFO - [37mℹ [信息] 澎湃新闻类别：打虎记 总共 1 篇文章，需要爬取 1 篇[0m
2026-02-19 00:57:12,702 - ArticleSpider - INFO - [32m✓ [成功] 澎湃新闻类别：打虎记 爬取完成，保存了 1 篇文章[0m
2026-02-19 00:57:12,702 - ArticleSpider - INFO - [32m✓ [成功] 任务 test 完成，保存了 True 篇文章[0m
2026-02-19 01:17:58,087 - ArticleSpider - INFO - [45m[37m                         API 服务启动                         [0m
2026-02-19 01:17:58,102 - ArticleSpider - INFO - [37mℹ [信息] 检查表存在性结果: 1[0m
2026-02-19 01:17:58,104 - ArticleSpider - INFO - [32m✓ [成功] 数据库连接池已创建[0m
2026-02-19 01:18:43,480 - ArticleSpider - INFO - [34m⊘ [跳过] 跳过0篇已存在的文章[0m
2026-02-19 01:18:43,480 - ArticleSpider - INFO - [37mℹ [信息] 中国日报类别：时政要闻 总共 1 篇文章，需要爬取 1 篇[0m
2026-02-19 01:18:43,634 - ArticleSpider - INFO - [32m✓ [成功] 中国日报类别：时政要闻 爬取完成，保存了 1 篇文章[0m
2026-02-19 01:18:44,363 - ArticleSpider - INFO - [34m⊘ [跳过] 跳过0篇已存在的文章[0m
2026-02-19 01:18:44,363 - ArticleSpider - INFO - [37mℹ [信息] 中国日报类别：台海动态 总共 1 篇文章，需要爬取 1 篇[0m
2026-02-19 01:18:44,725 - ArticleSpider - INFO - [32m✓ [成功] 中国日报类别：台海动态 爬取完成，保存了 1 篇文章[0m
2026-02-19 01:18:45,436 - ArticleSpider - INFO - [34m⊘ [跳过] 跳过0篇已存在的文章[0m
2026-02-19 01:18:45,437 - ArticleSpider - INFO - [37mℹ [信息] 中国日报类别：台湾政策 总共 1 篇文章，需要爬取 1 篇[0m
2026-02-19 01:18:45,670 - ArticleSpider - INFO - [32m✓ [成功] 中国日报类别：台湾政策 爬取完成，保存了 1 篇文章[0m
2026-02-19 01:18:46,394 - ArticleSpider - INFO - [34m⊘ [跳过] 跳过0篇已存在的文章[0m
2026-02-19 01:18:46,394 - ArticleSpider - INFO - [37mℹ [信息] 中国日报类别：两岸人生 总共 1 篇文章，需要爬取 1 篇[0m
2026-02-19 01:18:46,570 - ArticleSpider - INFO - [32m✓ [成功] 中国日报类别：两岸人生 爬取完成，保存了 1 篇文章[0m
2026-02-19 01:18:47,001 - ArticleSpider - INFO - [34m⊘ [跳过] 跳过0篇已存在的文章[0m
2026-02-19 01:18:47,001 - ArticleSpider - INFO - [37mℹ [信息] 中国日报类别：国际资讯 总共 1 篇文章，需要爬取 1 篇[0m
2026-02-19 01:18:47,183 - ArticleSpider - INFO - [32m✓ [成功] 中国日报类别：国际资讯 爬取完成，保存了 1 篇文章[0m
2026-02-19 01:18:47,323 - ArticleSpider - INFO - [34m⊘ [跳过] 跳过0篇已存在的文章[0m
2026-02-19 01:18:47,325 - ArticleSpider - INFO - [37mℹ [信息] 中国日报类别：中国日报专稿 总共 1 篇文章，需要爬取 1 篇[0m
2026-02-19 01:18:47,450 - ArticleSpider - INFO - [32m✓ [成功] 中国日报类别：中国日报专稿 爬取完成，保存了 1 篇文章[0m
2026-02-19 01:18:48,171 - ArticleSpider - INFO - [34m⊘ [跳过] 跳过0篇已存在的文章[0m
2026-02-19 01:18:48,171 - ArticleSpider - INFO - [37mℹ [信息] 中国日报类别：传媒动态 总共 1 篇文章，需要爬取 1 篇[0m
2026-02-19 01:18:48,800 - ArticleSpider - INFO - [32m✓ [成功] 中国日报类别：传媒动态 爬取完成，保存了 1 篇文章[0m
2026-02-19 01:18:49,063 - ArticleSpider - INFO - [34m⊘ [跳过] 跳过0篇已存在的文章[0m
2026-02-19 01:18:49,063 - ArticleSpider - INFO - [37mℹ [信息] 中国日报类别：财经大事 总共 1 篇文章，需要爬取 1 篇[0m
2026-02-19 01:18:49,251 - ArticleSpider - INFO - [32m✓ [成功] 中国日报类别：财经大事 爬取完成，保存了 1 篇文章[0m
2026-02-19 01:18:49,684 - ArticleSpider - INFO - [34m⊘ [跳过] 跳过0篇已存在的文章[0m
2026-02-19 01:18:49,684 - ArticleSpider - INFO - [37mℹ [信息] 中国日报类别：权威发布 总共 1 篇文章，需要爬取 1 篇[0m
2026-02-19 01:18:50,226 - ArticleSpider - INFO - [32m✓ [成功] 中国日报类别：权威发布 爬取完成，保存了 1 篇文章[0m
2026-02-19 01:18:50,417 - ArticleSpider - INFO - [34m⊘ [跳过] 跳过0篇已存在的文章[0m
2026-02-19 01:18:50,418 - ArticleSpider - INFO - [37mℹ [信息] 中国日报类别：公告解读 总共 1 篇文章，需要爬取 1 篇[0m
2026-02-19 01:18:50,956 - ArticleSpider - INFO - [32m✓ [成功] 中国日报类别：公告解读 爬取完成，保存了 1 篇文章[0m
2026-02-19 01:18:51,165 - ArticleSpider - INFO - [34m⊘ [跳过] 跳过0篇已存在的文章[0m
2026-02-19 01:18:51,165 - ArticleSpider - INFO - [37mℹ [信息] 中国日报类别：深度报道 总共 1 篇文章，需要爬取 1 篇[0m
2026-02-19 01:18:51,760 - ArticleSpider - INFO - [32m✓ [成功] 中国日报类别：深度报道 爬取完成，保存了 1 篇文章[0m
2026-02-19 01:18:51,939 - ArticleSpider - INFO - [34m⊘ [跳过] 跳过0篇已存在的文章[0m
2026-02-19 01:18:51,941 - ArticleSpider - INFO - [37mℹ [信息] 中国日报类别：信息披露 总共 1 篇文章，需要爬取 1 篇[0m
2026-02-19 01:18:52,251 - ArticleSpider - INFO - [32m✓ [成功] 中国日报类别：信息披露 爬取完成，保存了 0 篇文章[0m
2026-02-19 01:18:52,416 - ArticleSpider - INFO - [34m⊘ [跳过] 跳过0篇已存在的文章[0m
2026-02-19 01:18:52,416 - ArticleSpider - INFO - [37mℹ [信息] 中国日报类别：头条新闻 总共 1 篇文章，需要爬取 1 篇[0m
2026-02-19 01:18:52,571 - ArticleSpider - INFO - [32m✓ [成功] 中国日报类别：头条新闻 爬取完成，保存了 1 篇文章[0m
2026-02-19 01:18:52,779 - ArticleSpider - INFO - [34m⊘ [跳过] 跳过0篇已存在的文章[0m
2026-02-19 01:18:52,779 - ArticleSpider - INFO - [37mℹ [信息] 中国日报类别：旅游要闻 总共 1 篇文章，需要爬取 1 篇[0m
2026-02-19 01:18:53,088 - ArticleSpider - INFO - [32m✓ [成功] 中国日报类别：旅游要闻 爬取完成，保存了 1 篇文章[0m
2026-02-19 01:18:53,251 - ArticleSpider - INFO - [34m⊘ [跳过] 跳过0篇已存在的文章[0m
2026-02-19 01:18:53,252 - ArticleSpider - INFO - [37mℹ [信息] 中国日报类别：酒店 总共 1 篇文章，需要爬取 1 篇[0m
2026-02-19 01:18:53,800 - ArticleSpider - INFO - [32m✓ [成功] 中国日报类别：酒店 爬取完成，保存了 1 篇文章[0m
2026-02-19 01:18:54,196 - ArticleSpider - INFO - [34m⊘ [跳过] 跳过0篇已存在的文章[0m
2026-02-19 01:18:54,197 - ArticleSpider - INFO - [37mℹ [信息] 中国日报类别：旅游原创 总共 1 篇文章，需要爬取 1 篇[0m
2026-02-19 01:18:54,379 - ArticleSpider - INFO - [32m✓ [成功] 中国日报类别：旅游原创 爬取完成，保存了 1 篇文章[0m
2026-02-19 01:18:54,549 - ArticleSpider - INFO - [34m⊘ [跳过] 跳过0篇已存在的文章[0m
2026-02-19 01:18:54,549 - ArticleSpider - INFO - [37mℹ [信息] 中国日报类别：业界资讯 总共 1 篇文章，需要爬取 1 篇[0m
2026-02-19 01:18:55,125 - ArticleSpider - INFO - [32m✓ [成功] 中国日报类别：业界资讯 爬取完成，保存了 1 篇文章[0m
2026-02-19 01:18:55,313 - ArticleSpider - INFO - [34m⊘ [跳过] 跳过0篇已存在的文章[0m
2026-02-19 01:18:55,313 - ArticleSpider - INFO - [37mℹ [信息] 中国日报类别：时尚 总共 1 篇文章，需要爬取 1 篇[0m
2026-02-19 01:18:55,444 - ArticleSpider - INFO - [32m✓ [成功] 中国日报类别：时尚 爬取完成，保存了 1 篇文章[0m
2026-02-19 01:18:55,617 - ArticleSpider - INFO - [34m⊘ [跳过] 跳过0篇已存在的文章[0m
2026-02-19 01:18:55,617 - ArticleSpider - INFO - [37mℹ [信息] 中国日报类别：健康频道 总共 1 篇文章，需要爬取 1 篇[0m
2026-02-19 01:18:55,964 - ArticleSpider - INFO - [32m✓ [成功] 中国日报类别：健康频道 爬取完成，保存了 1 篇文章[0m
2026-02-19 01:18:56,196 - ArticleSpider - INFO - [34m⊘ [跳过] 跳过0篇已存在的文章[0m
2026-02-19 01:18:56,196 - ArticleSpider - INFO - [37mℹ [信息] 中国日报类别：教育 总共 1 篇文章，需要爬取 1 篇[0m
2026-02-19 01:18:56,698 - ArticleSpider - INFO - [32m✓ [成功] 中国日报类别：教育 爬取完成，保存了 1 篇文章[0m
2026-02-19 01:18:56,885 - ArticleSpider - INFO - [34m⊘ [跳过] 跳过0篇已存在的文章[0m
2026-02-19 01:18:56,885 - ArticleSpider - INFO - [37mℹ [信息] 中国日报类别：体育 总共 1 篇文章，需要爬取 1 篇[0m
2026-02-19 01:18:57,428 - ArticleSpider - INFO - [32m✓ [成功] 中国日报类别：体育 爬取完成，保存了 1 篇文章[0m
2026-02-19 01:18:57,430 - ArticleSpider - INFO - [32m✓ [成功] 任务 test 完成，保存了 True 篇文章[0m
2026-02-19 01:20:38,173 - ArticleSpider - INFO - [34m⊘ [跳过] 跳过0篇已存在的文章[0m
2026-02-19 01:20:38,173 - ArticleSpider - INFO - [37mℹ [信息] 新浪国际 总共 1 篇文章，需要爬取 1 篇[0m
2026-02-19 01:20:38,334 - ArticleSpider - INFO - [32m✓ [成功] 新浪国际 爬取完成，保存了 1 篇文章[0m
2026-02-19 01:20:38,336 - ArticleSpider - INFO - [32m✓ [成功] 任务 test1 完成，保存了 1 篇文章[0m
2026-02-19 01:27:00,544 - ArticleSpider - INFO - [45m[37m                         API 服务启动                         [0m
2026-02-19 01:27:00,559 - ArticleSpider - INFO - [37mℹ [信息] 检查表存在性结果: 1[0m
2026-02-19 01:27:00,559 - ArticleSpider - INFO - [32m✓ [成功] 数据库连接池已创建[0m
2026-02-19 01:27:39,297 - ArticleSpider - INFO - [34m⊘ [跳过] 跳过0篇已存在的文章[0m
2026-02-19 01:27:39,298 - ArticleSpider - INFO - [37mℹ [信息] 新浪国际 总共 2 篇文章，需要爬取 2 篇[0m
2026-02-19 01:27:39,495 - ArticleSpider - INFO - [32m✓ [成功] 新浪国际 爬取完成，保存了 2 篇文章[0m
2026-02-19 01:27:39,618 - ArticleSpider - INFO - [34m⊘ [跳过] 跳过2篇已存在的文章[0m
2026-02-19 01:27:39,619 - ArticleSpider - INFO - [37mℹ [信息] 新浪国际 总共 2 篇文章，需要爬取 0 篇[0m
2026-02-19 01:27:39,619 - ArticleSpider - INFO - [37mℹ [信息] 新浪国际 没有新文章需要爬取[0m
2026-02-19 01:27:39,619 - ArticleSpider - INFO - [32m✓ [成功] 任务 hi 完成，保存了 2 篇文章[0m
2026-02-19 01:31:58,844 - ArticleSpider - INFO - [45m[37m                         API 服务启动                         [0m
2026-02-19 01:31:58,857 - ArticleSpider - INFO - [37mℹ [信息] 检查表存在性结果: 1[0m
2026-02-19 01:31:58,859 - ArticleSpider - INFO - [32m✓ [成功] 数据库连接池已创建[0m
2026-02-19 01:38:07,960 - ArticleSpider - INFO - [34m⊘ [跳过] 跳过0篇已存在的文章[0m
2026-02-19 01:38:07,960 - ArticleSpider - INFO - [37mℹ [信息] 网易新闻类别：时事热点 总共 1 篇文章，需要爬取 1 篇[0m
2026-02-19 01:38:08,361 - ArticleSpider - INFO - [32m✓ [成功] 网易新闻类别：时事热点 爬取完成，保存了 1 篇文章[0m
2026-02-19 01:38:08,361 - ArticleSpider - INFO - [32m✓ [成功] 任务 test 完成，保存了 1 篇文章[0m
2026-02-20 11:59:13,552 - ArticleSpider - INFO - [45m[37m                         API 服务启动                         [0m
2026-02-20 11:59:13,697 - ArticleSpider - INFO - [37mℹ [信息] 检查表存在性结果: 1[0m
2026-02-20 11:59:13,710 - ArticleSpider - INFO - [32m✓ [成功] 数据库连接池已创建[0m
2026-02-20 12:37:01,534 - ArticleSpider - INFO - [45m[37m                         API 服务启动                         [0m
2026-02-20 12:37:01,553 - ArticleSpider - INFO - [37mℹ [信息] 检查表存在性结果: 1[0m
2026-02-20 12:37:01,557 - ArticleSpider - INFO - [32m✓ [成功] 数据库连接池已创建[0m
2026-02-20 12:37:01,557 - ArticleSpider - INFO - [32m✓ [成功] 定时任务调度器已启动[0m
2026-02-20 13:09:46,138 - ArticleSpider - INFO - [45m[37m                         API 服务启动                         [0m
2026-02-20 13:09:46,160 - ArticleSpider - INFO - [37mℹ [信息] 检查表存在性结果: 1[0m
2026-02-20 13:09:46,162 - ArticleSpider - INFO - [32m✓ [成功] 数据库连接池已创建[0m
2026-02-20 13:15:05,916 - ArticleSpider - INFO - [45m[37m                         API 服务启动                         [0m
2026-02-20 13:15:05,932 - ArticleSpider - INFO - [37mℹ [信息] 检查表存在性结果: 1[0m
2026-02-20 13:15:05,935 - ArticleSpider - INFO - [32m✓ [成功] 数据库连接池已创建[0m
2026-02-20 13:25:17,302 - ArticleSpider - INFO - [45m[37m                         API 服务启动                         [0m
2026-02-20 13:25:17,316 - ArticleSpider - INFO - [37mℹ [信息] 检查表存在性结果: 1[0m
2026-02-20 13:25:17,320 - ArticleSpider - INFO - [32m✓ [成功] 数据库连接池已创建[0m
2026-02-20 13:41:04,028 - ArticleSpider - INFO - [45m[37m                         API 服务启动                         [0m
2026-02-20 13:41:04,044 - ArticleSpider - INFO - [37mℹ [信息] 检查表存在性结果: 1[0m
2026-02-20 13:41:04,047 - ArticleSpider - INFO - [37mℹ [信息] 检查ai_api_keys表存在性结果: 0[0m
2026-02-20 13:41:04,107 - ArticleSpider - INFO - [32m✓ [成功] 数据库连接池已创建[0m
2026-02-20 13:48:19,974 - ArticleSpider - INFO - [45m[37m                         API 服务启动                         [0m
2026-02-20 13:48:19,994 - ArticleSpider - INFO - [37mℹ [信息] 检查表存在性结果: 1[0m
2026-02-20 13:48:19,995 - ArticleSpider - INFO - [37mℹ [信息] 检查ai_api_keys表存在性结果: 1[0m
2026-02-20 13:48:19,995 - ArticleSpider - INFO - [32m✓ [成功] 数据库连接池已创建[0m
2026-02-20 13:48:57,157 - ArticleSpider - INFO - [45m[37m                         API 服务启动                         [0m
2026-02-20 13:48:57,178 - ArticleSpider - INFO - [37mℹ [信息] 检查表存在性结果: 1[0m
2026-02-20 13:48:57,180 - ArticleSpider - INFO - [37mℹ [信息] 检查ai_api_keys表存在性结果: 1[0m
2026-02-20 13:48:57,206 - ArticleSpider - INFO - [32m✓ [成功] 数据库连接池已创建[0m
2026-02-20 14:23:14,475 - ArticleSpider - INFO - [45m[37m                         API 服务启动                         [0m
2026-02-20 14:23:14,506 - ArticleSpider - INFO - [37mℹ [信息] 检查表存在性结果: 1[0m
2026-02-20 14:23:14,507 - ArticleSpider - INFO - [37mℹ [信息] 检查ai_api_keys表存在性结果: 1[0m
2026-02-20 14:23:14,509 - ArticleSpider - INFO - [32m✓ [成功] 数据库连接池已创建[0m
2026-02-20 14:23:29,421 - ArticleSpider - ERROR - [31m✗ [错误] 聊天失败: 'coroutine' object is not subscriptable[0m
2026-02-20 14:24:24,872 - ArticleSpider - INFO - [45m[37m                         API 服务启动                         [0m
2026-02-20 14:24:24,891 - ArticleSpider - INFO - [37mℹ [信息] 检查表存在性结果: 1[0m
2026-02-20 14:24:24,895 - ArticleSpider - INFO - [37mℹ [信息] 检查ai_api_keys表存在性结果: 1[0m
2026-02-20 14:24:24,897 - ArticleSpider - INFO - [32m✓ [成功] 数据库连接池已创建[0m
2026-02-20 14:25:15,586 - ArticleSpider - ERROR - [31m✗ [错误] 聊天失败: 'coroutine' object is not subscriptable[0m
2026-02-20 14:25:58,956 - ArticleSpider - ERROR - [31m✗ [错误] 聊天失败: 'coroutine' object is not subscriptable[0m
2026-02-20 14:26:35,255 - ArticleSpider - INFO - [45m[37m                         API 服务启动                         [0m
2026-02-20 14:26:35,271 - ArticleSpider - INFO - [37mℹ [信息] 检查表存在性结果: 1[0m
2026-02-20 14:26:35,274 - ArticleSpider - INFO - [37mℹ [信息] 检查ai_api_keys表存在性结果: 1[0m
2026-02-20 14:26:35,276 - ArticleSpider - INFO - [32m✓ [成功] 数据库连接池已创建[0m
2026-02-20 14:26:48,638 - ArticleSpider - ERROR - [31m✗ [错误] 聊天失败: API调用失败: API返回错误: 400 - {"error":{"message":"Model Not Exist","type":"invalid_request_error","param":null,"code":"invalid_request_error"}}[0m
2026-02-20 14:30:18,045 - ArticleSpider - INFO - [45m[37m                         API 服务启动                         [0m
2026-02-20 14:30:18,061 - ArticleSpider - INFO - [37mℹ [信息] 检查表存在性结果: 1[0m
2026-02-20 14:30:18,064 - ArticleSpider - INFO - [37mℹ [信息] 检查ai_api_keys表存在性结果: 1[0m
2026-02-20 14:30:18,066 - ArticleSpider - INFO - [32m✓ [成功] 数据库连接池已创建[0m
2026-02-20 14:33:46,922 - ArticleSpider - INFO - [45m[37m                         API 服务启动                         [0m
2026-02-20 14:33:46,938 - ArticleSpider - INFO - [37mℹ [信息] 检查表存在性结果: 1[0m
2026-02-20 14:33:46,941 - ArticleSpider - INFO - [37mℹ [信息] 检查ai_api_keys表存在性结果: 1[0m
2026-02-20 14:33:46,944 - ArticleSpider - INFO - [32m✓ [成功] 数据库连接池已创建[0m
2026-02-20 14:40:40,153 - ArticleSpider - INFO - [34m⊘ [跳过] 跳过0篇已存在的文章[0m
2026-02-20 14:40:40,153 - ArticleSpider - INFO - [37mℹ [信息] 新浪国际 总共 2 篇文章，需要爬取 2 篇[0m
2026-02-20 14:40:40,414 - ArticleSpider - INFO - [32m✓ [成功] 新浪国际 爬取完成，保存了 2 篇文章[0m
2026-02-20 14:40:40,414 - ArticleSpider - INFO - [32m✓ [成功] 任务 test 完成，保存了 2 篇文章[0m
2026-02-20 14:42:54,701 - ArticleSpider - INFO - [34m⊘ [跳过] 跳过0篇已存在的文章[0m
2026-02-20 14:42:54,701 - ArticleSpider - INFO - [37mℹ [信息] 新浪国际 总共 2 篇文章，需要爬取 2 篇[0m
2026-02-20 14:42:54,882 - ArticleSpider - INFO - [32m✓ [成功] 新浪国际 爬取完成，保存了 2 篇文章[0m
2026-02-20 14:42:54,882 - ArticleSpider - INFO - [32m✓ [成功] 任务 test 完成，保存了 2 篇文章[0m
2026-02-20 14:46:43,510 - ArticleSpider - INFO - [34m⊘ [跳过] 跳过0篇已存在的文章[0m
2026-02-20 14:46:43,510 - ArticleSpider - INFO - [37mℹ [信息] 新浪国际 总共 2 篇文章，需要爬取 2 篇[0m
2026-02-20 14:46:43,766 - ArticleSpider - INFO - [32m✓ [成功] 新浪国际 爬取完成，保存了 2 篇文章[0m
2026-02-20 14:46:43,766 - ArticleSpider - INFO - [32m✓ [成功] 任务 test 完成，保存了 2 篇文章[0m
